<?xml version="1.0" encoding="UTF-8"?>
<!-- Generated by org.testng.reporters.JUnitXMLReporter -->
<testsuite ignored="0" hostname="LAPTOP-INQHA09L" failures="0" tests="4" name="Default test" time="19.751" errors="0" timestamp="2022-01-18T14:59:54 IST">
  <testcase classname="dataDriven.DataDrivenTest" name="loginTest" time="9.792"/>
  <testcase classname="dataDriven.DataDrivenTest" name="loginTest" time="1.64"/>
  <testcase classname="dataDriven.DataDrivenTest" name="loginTest" time="1.623"/>
  <testcase classname="dataDriven.DataDrivenTest" name="loginTest" time="2.483"/>
</testsuite> <!-- Default test -->
