<?xml version="1.0" encoding="UTF-8"?>
<testng-results ignored="0" total="4" passed="4" failed="0" skipped="0">
  <reporter-output>
  </reporter-output>
  <suite started-at="2022-01-18T14:59:35 IST" name="Default suite" finished-at="2022-01-18T14:59:54 IST" duration-ms="19751">
    <groups>
    </groups>
    <test started-at="2022-01-18T14:59:35 IST" name="Default test" finished-at="2022-01-18T14:59:54 IST" duration-ms="19751">
      <class name="dataDriven.DataDrivenTest">
        <test-method is-config="true" signature="setup()[pri:0, instance:dataDriven.DataDrivenTest@1aafa419]" started-at="2022-01-18T14:59:35 IST" name="setup" finished-at="2022-01-18T14:59:38 IST" duration-ms="3115" status="PASS">
          <reporter-output>
          </reporter-output>
        </test-method> <!-- setup -->
        <test-method signature="loginTest(java.lang.String,java.lang.String,java.lang.String)[pri:0, instance:dataDriven.DataDrivenTest@1aafa419]" started-at="2022-01-18T14:59:39 IST" name="loginTest" data-provider="LoginData" finished-at="2022-01-18T14:59:49 IST" duration-ms="9792" status="PASS">
          <params>
            <param index="0">
              <value>
                <![CDATA[admin@yourstore.com ]]>
              </value>
            </param>
            <param index="1">
              <value>
                <![CDATA[admin]]>
              </value>
            </param>
            <param index="2">
              <value>
                <![CDATA[Valid]]>
              </value>
            </param>
          </params>
          <reporter-output>
          </reporter-output>
        </test-method> <!-- loginTest -->
        <test-method signature="loginTest(java.lang.String,java.lang.String,java.lang.String)[pri:0, instance:dataDriven.DataDrivenTest@1aafa419]" started-at="2022-01-18T14:59:49 IST" name="loginTest" data-provider="LoginData" finished-at="2022-01-18T14:59:50 IST" duration-ms="1640" status="PASS">
          <params>
            <param index="0">
              <value>
                <![CDATA[admin@yourstore.com ]]>
              </value>
            </param>
            <param index="1">
              <value>
                <![CDATA[adm]]>
              </value>
            </param>
            <param index="2">
              <value>
                <![CDATA[Invalid]]>
              </value>
            </param>
          </params>
          <reporter-output>
          </reporter-output>
        </test-method> <!-- loginTest -->
        <test-method signature="loginTest(java.lang.String,java.lang.String,java.lang.String)[pri:0, instance:dataDriven.DataDrivenTest@1aafa419]" started-at="2022-01-18T14:59:50 IST" name="loginTest" data-provider="LoginData" finished-at="2022-01-18T14:59:52 IST" duration-ms="1623" status="PASS">
          <params>
            <param index="0">
              <value>
                <![CDATA[adm@yourstore.com]]>
              </value>
            </param>
            <param index="1">
              <value>
                <![CDATA[admin]]>
              </value>
            </param>
            <param index="2">
              <value>
                <![CDATA[Invalid]]>
              </value>
            </param>
          </params>
          <reporter-output>
          </reporter-output>
        </test-method> <!-- loginTest -->
        <test-method signature="loginTest(java.lang.String,java.lang.String,java.lang.String)[pri:0, instance:dataDriven.DataDrivenTest@1aafa419]" started-at="2022-01-18T14:59:52 IST" name="loginTest" data-provider="LoginData" finished-at="2022-01-18T14:59:54 IST" duration-ms="2483" status="PASS">
          <params>
            <param index="0">
              <value>
                <![CDATA[adm@yourstore.com]]>
              </value>
            </param>
            <param index="1">
              <value>
                <![CDATA[adm]]>
              </value>
            </param>
            <param index="2">
              <value>
                <![CDATA[Invalid]]>
              </value>
            </param>
          </params>
          <reporter-output>
          </reporter-output>
        </test-method> <!-- loginTest -->
        <test-method is-config="true" signature="tearDown()[pri:0, instance:dataDriven.DataDrivenTest@1aafa419]" started-at="2022-01-18T14:59:54 IST" name="tearDown" finished-at="2022-01-18T14:59:54 IST" duration-ms="169" status="PASS">
          <reporter-output>
          </reporter-output>
        </test-method> <!-- tearDown -->
      </class> <!-- dataDriven.DataDrivenTest -->
    </test> <!-- Default test -->
  </suite> <!-- Default suite -->
</testng-results>
